{"/home/engine/project/services/chapterPackager.ts": {"path":"/home/engine/project/services/chapterPackager.ts","statementMap":{"0":{"start":{"line":6,"column":0},"end":{"line":6,"column":25}},"1":{"start":{"line":7,"column":0},"end":{"line":7,"column":29}},"2":{"start":{"line":28,"column":4},"end":{"line":28,"column":27}},"3":{"start":{"line":29,"column":4},"end":{"line":29,"column":31}},"4":{"start":{"line":30,"column":4},"end":{"line":30,"column":29}},"5":{"start":{"line":34,"column":4},"end":{"line":36,"column":5}},"6":{"start":{"line":35,"column":6},"end":{"line":35,"column":54}},"7":{"start":{"line":37,"column":4},"end":{"line":39,"column":5}},"8":{"start":{"line":38,"column":6},"end":{"line":38,"column":56}},"9":{"start":{"line":47,"column":34},"end":{"line":47,"column":36}},"10":{"start":{"line":48,"column":32},"end":{"line":48,"column":34}},"11":{"start":{"line":51,"column":4},"end":{"line":51,"column":34}},"12":{"start":{"line":52,"column":4},"end":{"line":52,"column":56}},"13":{"start":{"line":53,"column":4},"end":{"line":53,"column":40}},"14":{"start":{"line":54,"column":4},"end":{"line":54,"column":64}},"15":{"start":{"line":55,"column":4},"end":{"line":55,"column":25}},"16":{"start":{"line":58,"column":4},"end":{"line":58,"column":53}},"17":{"start":{"line":59,"column":4},"end":{"line":59,"column":48}},"18":{"start":{"line":60,"column":4},"end":{"line":60,"column":48}},"19":{"start":{"line":61,"column":4},"end":{"line":61,"column":91}},"20":{"start":{"line":62,"column":4},"end":{"line":62,"column":40}},"21":{"start":{"line":63,"column":4},"end":{"line":63,"column":26}},"22":{"start":{"line":64,"column":4},"end":{"line":64,"column":25}},"23":{"start":{"line":65,"column":4},"end":{"line":65,"column":49}},"24":{"start":{"line":66,"column":4},"end":{"line":66,"column":48}},"25":{"start":{"line":67,"column":4},"end":{"line":67,"column":92}},"26":{"start":{"line":68,"column":4},"end":{"line":68,"column":40}},"27":{"start":{"line":69,"column":4},"end":{"line":69,"column":26}},"28":{"start":{"line":70,"column":4},"end":{"line":70,"column":25}},"29":{"start":{"line":73,"column":4},"end":{"line":73,"column":52}},"30":{"start":{"line":74,"column":4},"end":{"line":74,"column":69}},"31":{"start":{"line":75,"column":4},"end":{"line":75,"column":69}},"32":{"start":{"line":76,"column":4},"end":{"line":76,"column":25}},"33":{"start":{"line":79,"column":4},"end":{"line":83,"column":5}},"34":{"start":{"line":80,"column":28},"end":{"line":80,"column":63}},"35":{"start":{"line":81,"column":6},"end":{"line":81,"column":47}},"36":{"start":{"line":82,"column":6},"end":{"line":82,"column":49}},"37":{"start":{"line":86,"column":4},"end":{"line":86,"column":66}},"38":{"start":{"line":87,"column":27},"end":{"line":87,"column":65}},"39":{"start":{"line":88,"column":4},"end":{"line":88,"column":116}},"40":{"start":{"line":89,"column":4},"end":{"line":89,"column":25}},"41":{"start":{"line":90,"column":4},"end":{"line":90,"column":68}},"42":{"start":{"line":91,"column":4},"end":{"line":91,"column":34}},"43":{"start":{"line":92,"column":4},"end":{"line":92,"column":25}},"44":{"start":{"line":93,"column":4},"end":{"line":93,"column":31}},"45":{"start":{"line":94,"column":4},"end":{"line":94,"column":60}},"46":{"start":{"line":95,"column":4},"end":{"line":95,"column":34}},"47":{"start":{"line":96,"column":4},"end":{"line":96,"column":25}},"48":{"start":{"line":97,"column":4},"end":{"line":97,"column":29}},"49":{"start":{"line":98,"column":4},"end":{"line":98,"column":33}},"50":{"start":{"line":100,"column":4},"end":{"line":103,"column":6}},"51":{"start":{"line":107,"column":28},"end":{"line":107,"column":30}},"52":{"start":{"line":108,"column":32},"end":{"line":108,"column":34}},"53":{"start":{"line":109,"column":23},"end":{"line":109,"column":41}},"54":{"start":{"line":110,"column":23},"end":{"line":110,"column":41}},"55":{"start":{"line":112,"column":4},"end":{"line":112,"column":55}},"56":{"start":{"line":113,"column":4},"end":{"line":113,"column":50}},"57":{"start":{"line":114,"column":4},"end":{"line":114,"column":50}},"58":{"start":{"line":117,"column":4},"end":{"line":117,"column":44}},"59":{"start":{"line":118,"column":4},"end":{"line":118,"column":60}},"60":{"start":{"line":119,"column":4},"end":{"line":119,"column":82}},"61":{"start":{"line":120,"column":4},"end":{"line":120,"column":55}},"62":{"start":{"line":121,"column":4},"end":{"line":121,"column":20}},"63":{"start":{"line":122,"column":4},"end":{"line":122,"column":19}},"64":{"start":{"line":125,"column":4},"end":{"line":125,"column":41}},"65":{"start":{"line":126,"column":4},"end":{"line":126,"column":174}},"66":{"start":{"line":127,"column":4},"end":{"line":127,"column":19}},"67":{"start":{"line":128,"column":4},"end":{"line":128,"column":40}},"68":{"start":{"line":129,"column":4},"end":{"line":129,"column":96}},"69":{"start":{"line":130,"column":4},"end":{"line":130,"column":55}},"70":{"start":{"line":131,"column":4},"end":{"line":131,"column":20}},"71":{"start":{"line":132,"column":4},"end":{"line":132,"column":19}},"72":{"start":{"line":135,"column":4},"end":{"line":135,"column":48}},"73":{"start":{"line":136,"column":4},"end":{"line":136,"column":39}},"74":{"start":{"line":137,"column":4},"end":{"line":137,"column":98}},"75":{"start":{"line":138,"column":4},"end":{"line":138,"column":45}},"76":{"start":{"line":139,"column":4},"end":{"line":139,"column":20}},"77":{"start":{"line":140,"column":4},"end":{"line":140,"column":19}},"78":{"start":{"line":143,"column":4},"end":{"line":143,"column":44}},"79":{"start":{"line":144,"column":4},"end":{"line":144,"column":77}},"80":{"start":{"line":145,"column":4},"end":{"line":145,"column":55}},"81":{"start":{"line":146,"column":4},"end":{"line":146,"column":20}},"82":{"start":{"line":147,"column":4},"end":{"line":147,"column":19}},"83":{"start":{"line":150,"column":4},"end":{"line":150,"column":47}},"84":{"start":{"line":151,"column":4},"end":{"line":151,"column":44}},"85":{"start":{"line":152,"column":4},"end":{"line":152,"column":185}},"86":{"start":{"line":153,"column":4},"end":{"line":153,"column":60}},"87":{"start":{"line":154,"column":4},"end":{"line":154,"column":43}},"88":{"start":{"line":155,"column":4},"end":{"line":155,"column":20}},"89":{"start":{"line":156,"column":4},"end":{"line":156,"column":19}},"90":{"start":{"line":159,"column":4},"end":{"line":159,"column":85}},"91":{"start":{"line":160,"column":4},"end":{"line":160,"column":38}},"92":{"start":{"line":161,"column":4},"end":{"line":161,"column":99}},"93":{"start":{"line":162,"column":4},"end":{"line":162,"column":44}},"94":{"start":{"line":163,"column":4},"end":{"line":163,"column":38}},"95":{"start":{"line":164,"column":4},"end":{"line":164,"column":60}},"96":{"start":{"line":165,"column":4},"end":{"line":165,"column":55}},"97":{"start":{"line":166,"column":4},"end":{"line":166,"column":24}},"98":{"start":{"line":167,"column":4},"end":{"line":167,"column":53}},"99":{"start":{"line":168,"column":4},"end":{"line":168,"column":19}},"100":{"start":{"line":171,"column":4},"end":{"line":171,"column":43}},"101":{"start":{"line":172,"column":4},"end":{"line":172,"column":178}},"102":{"start":{"line":173,"column":4},"end":{"line":173,"column":19}},"103":{"start":{"line":175,"column":4},"end":{"line":175,"column":51}},"104":{"start":{"line":176,"column":4},"end":{"line":176,"column":19}},"105":{"start":{"line":177,"column":4},"end":{"line":177,"column":46}},"106":{"start":{"line":178,"column":4},"end":{"line":178,"column":78}},"107":{"start":{"line":179,"column":4},"end":{"line":179,"column":19}},"108":{"start":{"line":180,"column":4},"end":{"line":180,"column":46}},"109":{"start":{"line":181,"column":4},"end":{"line":181,"column":19}},"110":{"start":{"line":183,"column":23},"end":{"line":183,"column":54}},"111":{"start":{"line":184,"column":4},"end":{"line":184,"column":31}},"112":{"start":{"line":186,"column":4},"end":{"line":186,"column":32}},"113":{"start":{"line":190,"column":27},"end":{"line":190,"column":73}},"114":{"start":{"line":191,"column":28},"end":{"line":191,"column":30}},"115":{"start":{"line":193,"column":4},"end":{"line":195,"column":5}},"116":{"start":{"line":194,"column":6},"end":{"line":194,"column":73}},"117":{"start":{"line":197,"column":4},"end":{"line":197,"column":55}},"118":{"start":{"line":198,"column":4},"end":{"line":198,"column":26}},"119":{"start":{"line":205,"column":4},"end":{"line":207,"column":5}},"120":{"start":{"line":206,"column":6},"end":{"line":206,"column":16}},"121":{"start":{"line":209,"column":4},"end":{"line":216,"column":14}},"122":{"start":{"line":223,"column":29},"end":{"line":223,"column":31}},"123":{"start":{"line":225,"column":4},"end":{"line":227,"column":5}},"124":{"start":{"line":226,"column":6},"end":{"line":226,"column":77}},"125":{"start":{"line":229,"column":22},"end":{"line":229,"column":70}},"126":{"start":{"line":230,"column":4},"end":{"line":232,"column":5}},"127":{"start":{"line":231,"column":6},"end":{"line":231,"column":61}},"128":{"start":{"line":234,"column":22},"end":{"line":234,"column":70}},"129":{"start":{"line":235,"column":4},"end":{"line":244,"column":5}},"130":{"start":{"line":236,"column":6},"end":{"line":236,"column":67}},"131":{"start":{"line":238,"column":25},"end":{"line":239,"column":null}},"132":{"start":{"line":239,"column":8},"end":{"line":239,"column":80}},"133":{"start":{"line":241,"column":6},"end":{"line":243,"column":7}},"134":{"start":{"line":242,"column":8},"end":{"line":242,"column":61}},"135":{"start":{"line":246,"column":25},"end":{"line":246,"column":76}},"136":{"start":{"line":247,"column":4},"end":{"line":249,"column":5}},"137":{"start":{"line":248,"column":6},"end":{"line":248,"column":67}},"138":{"start":{"line":251,"column":4},"end":{"line":254,"column":6}},"139":{"start":{"line":261,"column":23},"end":{"line":261,"column":57}},"140":{"start":{"line":262,"column":4},"end":{"line":262,"column":63}},"141":{"start":{"line":263,"column":4},"end":{"line":263,"column":22}},"142":{"start":{"line":23,"column":0},"end":{"line":23,"column":13}},"143":{"start":{"line":267,"column":0},"end":{"line":267,"column":31}}},"fnMap":{"0":{"name":"(anonymous_9)","decl":{"start":{"line":27,"column":2},"end":{"line":27,"column":14}},"loc":{"start":{"line":27,"column":72},"end":{"line":31,"column":3}}},"1":{"name":"(anonymous_10)","decl":{"start":{"line":33,"column":10},"end":{"line":33,"column":27}},"loc":{"start":{"line":33,"column":27},"end":{"line":40,"column":3}}},"2":{"name":"(anonymous_11)","decl":{"start":{"line":46,"column":2},"end":{"line":46,"column":36}},"loc":{"start":{"line":46,"column":62},"end":{"line":104,"column":3}}},"3":{"name":"(anonymous_12)","decl":{"start":{"line":106,"column":10},"end":{"line":106,"column":31}},"loc":{"start":{"line":106,"column":54},"end":{"line":187,"column":3}}},"4":{"name":"(anonymous_13)","decl":{"start":{"line":189,"column":10},"end":{"line":189,"column":33}},"loc":{"start":{"line":189,"column":59},"end":{"line":199,"column":3}}},"5":{"name":"(anonymous_14)","decl":{"start":{"line":204,"column":2},"end":{"line":204,"column":19}},"loc":{"start":{"line":204,"column":32},"end":{"line":217,"column":3}}},"6":{"name":"(anonymous_15)","decl":{"start":{"line":222,"column":2},"end":{"line":222,"column":25}},"loc":{"start":{"line":222,"column":48},"end":{"line":255,"column":3}}},"7":{"name":"(anonymous_16)","decl":{"start":{"line":238,"column":58},"end":{"line":238,"column":62}},"loc":{"start":{"line":239,"column":8},"end":{"line":239,"column":80}}},"8":{"name":"(anonymous_17)","decl":{"start":{"line":260,"column":2},"end":{"line":260,"column":12}},"loc":{"start":{"line":260,"column":68},"end":{"line":264,"column":3}}}},"branchMap":{"0":{"loc":{"start":{"line":27,"column":14},"end":{"line":27,"column":40}},"type":"default-arg","locations":[{"start":{"line":27,"column":32},"end":{"line":27,"column":40}}]},"1":{"loc":{"start":{"line":27,"column":42},"end":{"line":27,"column":72}},"type":"default-arg","locations":[{"start":{"line":27,"column":62},"end":{"line":27,"column":72}}]},"2":{"loc":{"start":{"line":34,"column":4},"end":{"line":36,"column":5}},"type":"if","locations":[{"start":{"line":34,"column":4},"end":{"line":36,"column":5}}]},"3":{"loc":{"start":{"line":37,"column":4},"end":{"line":39,"column":5}},"type":"if","locations":[{"start":{"line":37,"column":4},"end":{"line":39,"column":5}}]},"4":{"loc":{"start":{"line":205,"column":4},"end":{"line":207,"column":5}},"type":"if","locations":[{"start":{"line":205,"column":4},"end":{"line":207,"column":5}}]},"5":{"loc":{"start":{"line":205,"column":8},"end":{"line":205,"column":41}},"type":"binary-expr","locations":[{"start":{"line":205,"column":8},"end":{"line":205,"column":13}},{"start":{"line":205,"column":17},"end":{"line":205,"column":41}}]},"6":{"loc":{"start":{"line":225,"column":4},"end":{"line":227,"column":5}},"type":"if","locations":[{"start":{"line":225,"column":4},"end":{"line":227,"column":5}}]},"7":{"loc":{"start":{"line":230,"column":4},"end":{"line":232,"column":5}},"type":"if","locations":[{"start":{"line":230,"column":4},"end":{"line":232,"column":5}}]},"8":{"loc":{"start":{"line":235,"column":4},"end":{"line":244,"column":5}},"type":"if","locations":[{"start":{"line":235,"column":4},"end":{"line":244,"column":5}},{"start":{"line":237,"column":11},"end":{"line":244,"column":5}}]},"9":{"loc":{"start":{"line":239,"column":8},"end":{"line":239,"column":80}},"type":"binary-expr","locations":[{"start":{"line":239,"column":8},"end":{"line":239,"column":29}},{"start":{"line":239,"column":33},"end":{"line":239,"column":54}},{"start":{"line":239,"column":58},"end":{"line":239,"column":80}}]},"10":{"loc":{"start":{"line":241,"column":6},"end":{"line":243,"column":7}},"type":"if","locations":[{"start":{"line":241,"column":6},"end":{"line":243,"column":7}}]},"11":{"loc":{"start":{"line":247,"column":4},"end":{"line":249,"column":5}},"type":"if","locations":[{"start":{"line":247,"column":4},"end":{"line":249,"column":5}}]},"12":{"loc":{"start":{"line":260,"column":29},"end":{"line":260,"column":68}},"type":"default-arg","locations":[{"start":{"line":260,"column":48},"end":{"line":260,"column":68}}]}},"s":{"0":1,"1":1,"2":10,"3":10,"4":10,"5":10,"6":0,"7":10,"8":10,"9":3,"10":3,"11":3,"12":3,"13":3,"14":3,"15":3,"16":3,"17":3,"18":3,"19":3,"20":3,"21":3,"22":3,"23":3,"24":3,"25":3,"26":3,"27":3,"28":3,"29":3,"30":3,"31":3,"32":3,"33":3,"34":3,"35":3,"36":3,"37":3,"38":3,"39":3,"40":3,"41":3,"42":3,"43":3,"44":3,"45":3,"46":3,"47":3,"48":3,"49":3,"50":3,"51":3,"52":3,"53":3,"54":3,"55":3,"56":3,"57":3,"58":3,"59":3,"60":3,"61":3,"62":3,"63":3,"64":3,"65":3,"66":3,"67":3,"68":3,"69":3,"70":3,"71":3,"72":3,"73":3,"74":3,"75":3,"76":3,"77":3,"78":3,"79":3,"80":3,"81":3,"82":3,"83":3,"84":3,"85":3,"86":3,"87":3,"88":3,"89":3,"90":3,"91":3,"92":3,"93":3,"94":3,"95":3,"96":3,"97":3,"98":3,"99":3,"100":3,"101":3,"102":3,"103":3,"104":3,"105":3,"106":3,"107":3,"108":3,"109":3,"110":3,"111":3,"112":3,"113":3,"114":3,"115":3,"116":3,"117":3,"118":3,"119":6,"120":4,"121":2,"122":3,"123":3,"124":0,"125":3,"126":3,"127":1,"128":3,"129":3,"130":0,"131":3,"132":1,"133":3,"134":2,"135":3,"136":3,"137":1,"138":3,"139":1,"140":1,"141":1,"142":1,"143":1},"f":{"0":10,"1":10,"2":3,"3":3,"4":3,"5":6,"6":3,"7":1,"8":1},"b":{"0":[0],"1":[0],"2":[0],"3":[10],"4":[4],"5":[6,2],"6":[0],"7":[1],"8":[0,3],"9":[1,0,0],"10":[2],"11":[1],"12":[0]}}
,"/home/engine/project/src/assemble.ts": {"path":"/home/engine/project/src/assemble.ts","statementMap":{"0":{"start":{"line":8,"column":0},"end":{"line":8,"column":25}},"1":{"start":{"line":10,"column":0},"end":{"line":10,"column":58}},"2":{"start":{"line":31,"column":4},"end":{"line":31,"column":46}},"3":{"start":{"line":32,"column":4},"end":{"line":32,"column":84}},"4":{"start":{"line":36,"column":4},"end":{"line":38,"column":5}},"5":{"start":{"line":37,"column":6},"end":{"line":37,"column":69}},"6":{"start":{"line":40,"column":23},"end":{"line":40,"column":70}},"7":{"start":{"line":43,"column":4},"end":{"line":45,"column":5}},"8":{"start":{"line":44,"column":6},"end":{"line":44,"column":75}},"9":{"start":{"line":47,"column":4},"end":{"line":51,"column":6}},"10":{"start":{"line":58,"column":32},"end":{"line":58,"column":34}},"11":{"start":{"line":60,"column":4},"end":{"line":73,"column":5}},"12":{"start":{"line":61,"column":28},"end":{"line":67,"column":8}},"13":{"start":{"line":69,"column":25},"end":{"line":69,"column":77}},"14":{"start":{"line":70,"column":6},"end":{"line":72,"column":7}},"15":{"start":{"line":71,"column":8},"end":{"line":71,"column":97}},"16":{"start":{"line":71,"column":55},"end":{"line":71,"column":94}},"17":{"start":{"line":75,"column":4},"end":{"line":78,"column":6}},"18":{"start":{"line":85,"column":4},"end":{"line":85,"column":45}},"19":{"start":{"line":86,"column":23},"end":{"line":86,"column":46}},"20":{"start":{"line":88,"column":4},"end":{"line":92,"column":5}},"21":{"start":{"line":89,"column":6},"end":{"line":89,"column":44}},"22":{"start":{"line":90,"column":6},"end":{"line":90,"column":72}},"23":{"start":{"line":90,"column":41},"end":{"line":90,"column":70}},"24":{"start":{"line":91,"column":6},"end":{"line":91,"column":22}},"25":{"start":{"line":94,"column":4},"end":{"line":94,"column":57}},"26":{"start":{"line":95,"column":4},"end":{"line":95,"column":52}},"27":{"start":{"line":97,"column":27},"end":{"line":103,"column":7}},"28":{"start":{"line":97,"column":64},"end":{"line":103,"column":6}},"29":{"start":{"line":105,"column":27},"end":{"line":105,"column":91}},"30":{"start":{"line":106,"column":23},"end":{"line":106,"column":70}},"31":{"start":{"line":108,"column":4},"end":{"line":108,"column":62}},"32":{"start":{"line":109,"column":4},"end":{"line":109,"column":74}},"33":{"start":{"line":111,"column":4},"end":{"line":111,"column":22}},"34":{"start":{"line":118,"column":4},"end":{"line":118,"column":49}},"35":{"start":{"line":120,"column":4},"end":{"line":127,"column":5}},"36":{"start":{"line":121,"column":27},"end":{"line":121,"column":51}},"37":{"start":{"line":122,"column":6},"end":{"line":122,"column":49}},"38":{"start":{"line":123,"column":6},"end":{"line":123,"column":63}},"39":{"start":{"line":125,"column":6},"end":{"line":125,"column":104}},"40":{"start":{"line":126,"column":6},"end":{"line":126,"column":22}},"41":{"start":{"line":134,"column":4},"end":{"line":140,"column":5}},"42":{"start":{"line":135,"column":25},"end":{"line":135,"column":54}},"43":{"start":{"line":136,"column":6},"end":{"line":136,"column":45}},"44":{"start":{"line":138,"column":6},"end":{"line":138,"column":106}},"45":{"start":{"line":139,"column":6},"end":{"line":139,"column":22}},"46":{"start":{"line":146,"column":15},"end":{"line":146,"column":36}},"47":{"start":{"line":147,"column":21},"end":{"line":147,"column":55}},"48":{"start":{"line":149,"column":2},"end":{"line":155,"column":3}},"49":{"start":{"line":150,"column":22},"end":{"line":150,"column":52}},"50":{"start":{"line":151,"column":4},"end":{"line":151,"column":26}},"51":{"start":{"line":153,"column":4},"end":{"line":153,"column":92}},"52":{"start":{"line":154,"column":4},"end":{"line":154,"column":20}},"53":{"start":{"line":159,"column":0},"end":{"line":164,"column":1}},"54":{"start":{"line":160,"column":2},"end":{"line":163,"column":5}},"55":{"start":{"line":161,"column":4},"end":{"line":161,"column":47}},"56":{"start":{"line":162,"column":4},"end":{"line":162,"column":20}},"57":{"start":{"line":166,"column":0},"end":{"line":166,"column":30}}},"fnMap":{"0":{"name":"(anonymous_10)","decl":{"start":{"line":30,"column":2},"end":{"line":30,"column":14}},"loc":{"start":{"line":30,"column":58},"end":{"line":33,"column":3}}},"1":{"name":"(anonymous_11)","decl":{"start":{"line":35,"column":10},"end":{"line":35,"column":20}},"loc":{"start":{"line":35,"column":39},"end":{"line":52,"column":3}}},"2":{"name":"(anonymous_12)","decl":{"start":{"line":57,"column":10},"end":{"line":57,"column":26}},"loc":{"start":{"line":57,"column":26},"end":{"line":79,"column":3}}},"3":{"name":"(anonymous_13)","decl":{"start":{"line":71,"column":48},"end":{"line":71,"column":51}},"loc":{"start":{"line":71,"column":55},"end":{"line":71,"column":94}}},"4":{"name":"(anonymous_14)","decl":{"start":{"line":84,"column":2},"end":{"line":84,"column":24}},"loc":{"start":{"line":84,"column":24},"end":{"line":112,"column":3}}},"5":{"name":"(anonymous_15)","decl":{"start":{"line":90,"column":32},"end":{"line":90,"column":37}},"loc":{"start":{"line":90,"column":41},"end":{"line":90,"column":70}}},"6":{"name":"(anonymous_16)","decl":{"start":{"line":97,"column":52},"end":{"line":97,"column":59}},"loc":{"start":{"line":97,"column":64},"end":{"line":103,"column":6}}},"7":{"name":"(anonymous_17)","decl":{"start":{"line":117,"column":2},"end":{"line":117,"column":7}},"loc":{"start":{"line":117,"column":42},"end":{"line":128,"column":3}}},"8":{"name":"(anonymous_18)","decl":{"start":{"line":133,"column":2},"end":{"line":133,"column":7}},"loc":{"start":{"line":133,"column":11},"end":{"line":141,"column":3}}},"9":{"name":"main","decl":{"start":{"line":145,"column":15},"end":{"line":145,"column":19}},"loc":{"start":{"line":145,"column":19},"end":{"line":156,"column":1}}},"10":{"name":"(anonymous_20)","decl":{"start":{"line":160,"column":15},"end":{"line":160,"column":20}},"loc":{"start":{"line":160,"column":23},"end":{"line":163,"column":3}}}},"branchMap":{"0":{"loc":{"start":{"line":30,"column":14},"end":{"line":30,"column":58}},"type":"default-arg","locations":[{"start":{"line":30,"column":35},"end":{"line":30,"column":58}}]},"1":{"loc":{"start":{"line":36,"column":4},"end":{"line":38,"column":5}},"type":"if","locations":[{"start":{"line":36,"column":4},"end":{"line":38,"column":5}}]},"2":{"loc":{"start":{"line":43,"column":4},"end":{"line":45,"column":5}},"type":"if","locations":[{"start":{"line":43,"column":4},"end":{"line":45,"column":5}}]},"3":{"loc":{"start":{"line":43,"column":8},"end":{"line":43,"column":67}},"type":"binary-expr","locations":[{"start":{"line":43,"column":8},"end":{"line":43,"column":28}},{"start":{"line":43,"column":32},"end":{"line":43,"column":67}}]},"4":{"loc":{"start":{"line":49,"column":17},"end":{"line":49,"column":51}},"type":"binary-expr","locations":[{"start":{"line":49,"column":17},"end":{"line":49,"column":37}},{"start":{"line":49,"column":41},"end":{"line":49,"column":51}}]},"5":{"loc":{"start":{"line":50,"column":15},"end":{"line":50,"column":45}},"type":"binary-expr","locations":[{"start":{"line":50,"column":15},"end":{"line":50,"column":33}},{"start":{"line":50,"column":37},"end":{"line":50,"column":45}}]},"6":{"loc":{"start":{"line":70,"column":6},"end":{"line":72,"column":7}},"type":"if","locations":[{"start":{"line":70,"column":6},"end":{"line":72,"column":7}}]},"7":{"loc":{"start":{"line":88,"column":4},"end":{"line":92,"column":5}},"type":"if","locations":[{"start":{"line":88,"column":4},"end":{"line":92,"column":5}}]},"8":{"loc":{"start":{"line":125,"column":48},"end":{"line":125,"column":102}},"type":"cond-expr","locations":[{"start":{"line":125,"column":73},"end":{"line":125,"column":86}},{"start":{"line":125,"column":89},"end":{"line":125,"column":102}}]},"9":{"loc":{"start":{"line":138,"column":50},"end":{"line":138,"column":104}},"type":"cond-expr","locations":[{"start":{"line":138,"column":75},"end":{"line":138,"column":88}},{"start":{"line":138,"column":91},"end":{"line":138,"column":104}}]},"10":{"loc":{"start":{"line":147,"column":21},"end":{"line":147,"column":55}},"type":"binary-expr","locations":[{"start":{"line":147,"column":21},"end":{"line":147,"column":28}},{"start":{"line":147,"column":32},"end":{"line":147,"column":55}}]},"11":{"loc":{"start":{"line":153,"column":36},"end":{"line":153,"column":90}},"type":"cond-expr","locations":[{"start":{"line":153,"column":61},"end":{"line":153,"column":74}},{"start":{"line":153,"column":77},"end":{"line":153,"column":90}}]},"12":{"loc":{"start":{"line":159,"column":0},"end":{"line":164,"column":1}},"type":"if","locations":[{"start":{"line":159,"column":0},"end":{"line":164,"column":1}}]}},"s":{"0":0,"1":0,"2":0,"3":0,"4":0,"5":0,"6":0,"7":0,"8":0,"9":0,"10":0,"11":0,"12":0,"13":0,"14":0,"15":0,"16":0,"17":0,"18":0,"19":0,"20":0,"21":0,"22":0,"23":0,"24":0,"25":0,"26":0,"27":0,"28":0,"29":0,"30":0,"31":0,"32":0,"33":0,"34":0,"35":0,"36":0,"37":0,"38":0,"39":0,"40":0,"41":0,"42":0,"43":0,"44":0,"45":0,"46":0,"47":0,"48":0,"49":0,"50":0,"51":0,"52":0,"53":0,"54":0,"55":0,"56":0,"57":0},"f":{"0":0,"1":0,"2":0,"3":0,"4":0,"5":0,"6":0,"7":0,"8":0,"9":0,"10":0},"b":{"0":[0],"1":[0],"2":[0],"3":[0,0],"4":[0,0],"5":[0,0],"6":[0],"7":[0],"8":[0,0],"9":[0,0],"10":[0,0],"11":[0,0],"12":[0]}}
}
