TN:
SF:services/chapterPackager.ts
FN:27,(anonymous_9)
FN:33,(anonymous_10)
FN:46,(anonymous_11)
FN:106,(anonymous_12)
FN:189,(anonymous_13)
FN:204,(anonymous_14)
FN:222,(anonymous_15)
FN:238,(anonymous_16)
FN:260,(anonymous_17)
FNF:9
FNH:9
FNDA:10,(anonymous_9)
FNDA:10,(anonymous_10)
FNDA:3,(anonymous_11)
FNDA:3,(anonymous_12)
FNDA:3,(anonymous_13)
FNDA:6,(anonymous_14)
FNDA:3,(anonymous_15)
FNDA:1,(anonymous_16)
FNDA:1,(anonymous_17)
DA:6,1
DA:7,1
DA:23,1
DA:28,10
DA:29,10
DA:30,10
DA:34,10
DA:35,0
DA:37,10
DA:38,10
DA:47,3
DA:48,3
DA:51,3
DA:52,3
DA:53,3
DA:54,3
DA:55,3
DA:58,3
DA:59,3
DA:60,3
DA:61,3
DA:62,3
DA:63,3
DA:64,3
DA:65,3
DA:66,3
DA:67,3
DA:68,3
DA:69,3
DA:70,3
DA:73,3
DA:74,3
DA:75,3
DA:76,3
DA:79,3
DA:80,3
DA:81,3
DA:82,3
DA:86,3
DA:87,3
DA:88,3
DA:89,3
DA:90,3
DA:91,3
DA:92,3
DA:93,3
DA:94,3
DA:95,3
DA:96,3
DA:97,3
DA:98,3
DA:100,3
DA:107,3
DA:108,3
DA:109,3
DA:110,3
DA:112,3
DA:113,3
DA:114,3
DA:117,3
DA:118,3
DA:119,3
DA:120,3
DA:121,3
DA:122,3
DA:125,3
DA:126,3
DA:127,3
DA:128,3
DA:129,3
DA:130,3
DA:131,3
DA:132,3
DA:135,3
DA:136,3
DA:137,3
DA:138,3
DA:139,3
DA:140,3
DA:143,3
DA:144,3
DA:145,3
DA:146,3
DA:147,3
DA:150,3
DA:151,3
DA:152,3
DA:153,3
DA:154,3
DA:155,3
DA:156,3
DA:159,3
DA:160,3
DA:161,3
DA:162,3
DA:163,3
DA:164,3
DA:165,3
DA:166,3
DA:167,3
DA:168,3
DA:171,3
DA:172,3
DA:173,3
DA:175,3
DA:176,3
DA:177,3
DA:178,3
DA:179,3
DA:180,3
DA:181,3
DA:183,3
DA:184,3
DA:186,3
DA:190,3
DA:191,3
DA:193,3
DA:194,3
DA:197,3
DA:198,3
DA:205,6
DA:206,4
DA:209,2
DA:223,3
DA:225,3
DA:226,0
DA:229,3
DA:230,3
DA:231,1
DA:234,3
DA:235,3
DA:236,0
DA:238,3
DA:239,1
DA:241,3
DA:242,2
DA:246,3
DA:247,3
DA:248,1
DA:251,3
DA:261,1
DA:262,1
DA:263,1
DA:267,1
LF:144
LH:141
BRDA:27,0,0,0
BRDA:27,1,0,0
BRDA:34,2,0,0
BRDA:37,3,0,10
BRDA:205,4,0,4
BRDA:205,5,0,6
BRDA:205,5,1,2
BRDA:225,6,0,0
BRDA:230,7,0,1
BRDA:235,8,0,0
BRDA:235,8,1,3
BRDA:239,9,0,1
BRDA:239,9,1,0
BRDA:239,9,2,0
BRDA:241,10,0,2
BRDA:247,11,0,1
BRDA:260,12,0,0
BRF:17
BRH:9
end_of_record
TN:
SF:src/assemble.ts
FN:30,(anonymous_10)
FN:35,(anonymous_11)
FN:57,(anonymous_12)
FN:71,(anonymous_13)
FN:84,(anonymous_14)
FN:90,(anonymous_15)
FN:97,(anonymous_16)
FN:117,(anonymous_17)
FN:133,(anonymous_18)
FN:145,main
FN:160,(anonymous_20)
FNF:11
FNH:0
FNDA:0,(anonymous_10)
FNDA:0,(anonymous_11)
FNDA:0,(anonymous_12)
FNDA:0,(anonymous_13)
FNDA:0,(anonymous_14)
FNDA:0,(anonymous_15)
FNDA:0,(anonymous_16)
FNDA:0,(anonymous_17)
FNDA:0,(anonymous_18)
FNDA:0,main
FNDA:0,(anonymous_20)
DA:8,0
DA:10,0
DA:31,0
DA:32,0
DA:36,0
DA:37,0
DA:40,0
DA:43,0
DA:44,0
DA:47,0
DA:58,0
DA:60,0
DA:61,0
DA:69,0
DA:70,0
DA:71,0
DA:75,0
DA:85,0
DA:86,0
DA:88,0
DA:89,0
DA:90,0
DA:91,0
DA:94,0
DA:95,0
DA:97,0
DA:105,0
DA:106,0
DA:108,0
DA:109,0
DA:111,0
DA:118,0
DA:120,0
DA:121,0
DA:122,0
DA:123,0
DA:125,0
DA:126,0
DA:134,0
DA:135,0
DA:136,0
DA:138,0
DA:139,0
DA:146,0
DA:147,0
DA:149,0
DA:150,0
DA:151,0
DA:153,0
DA:154,0
DA:159,0
DA:160,0
DA:161,0
DA:162,0
DA:166,0
LF:55
LH:0
BRDA:30,0,0,0
BRDA:36,1,0,0
BRDA:43,2,0,0
BRDA:43,3,0,0
BRDA:43,3,1,0
BRDA:49,4,0,0
BRDA:49,4,1,0
BRDA:50,5,0,0
BRDA:50,5,1,0
BRDA:70,6,0,0
BRDA:88,7,0,0
BRDA:125,8,0,0
BRDA:125,8,1,0
BRDA:138,9,0,0
BRDA:138,9,1,0
BRDA:147,10,0,0
BRDA:147,10,1,0
BRDA:153,11,0,0
BRDA:153,11,1,0
BRDA:159,12,0,0
BRF:20
BRH:0
end_of_record
